<?xml version="1.0" encoding="UTF-8"?>
<testsuite name="tests.PositiveTest" tests="1" skipped="0" failures="0" errors="0" timestamp="2026-04-09T11:51:48.169Z" hostname="DESKTOP-A8CGM4F" time="30.976">
  <properties/>
  <testcase name="Заполнение всех полей формы студента, и проверка на соответствие" classname="tests.PositiveTest" time="30.976"/>
  <system-out><![CDATA[]]></system-out>
  <system-err><![CDATA[[Test worker] INFO com.codeborne.selenide.WebDriverThreadLocalContainer - No webdriver is bound to current thread: 1 - let's create a new webdriver
апр. 09, 2026 2:51:55 PM org.openqa.selenium.devtools.DevToolsProvider getImplementation
INFO: WebDriver augmented with DevTools interface; connection will not be verified until first use.
[Test worker] INFO com.codeborne.selenide.webdriver.WebDriverFactory - Selenide 7.15.1 / Selenium 4.41.0 / chrome 128.0.6613.137 linux
]]></system-err>
</testsuite>
