<?xml version="1.0" encoding="UTF-8"?>
<testsuite name="tests.PropertyTests" tests="3" skipped="0" failures="0" errors="0" timestamp="2026-04-12T10:04:16.756Z" hostname="DESKTOP-A8CGM4F" time="0.013">
  <properties/>
  <testcase name="propertyTest()" classname="tests.PropertyTests" time="0.001"/>
  <testcase name="propertyTestName()" classname="tests.PropertyTests" time="0.001"/>
  <testcase name="propertyBrowserTest()" classname="tests.PropertyTests" time="0.002"/>
  <system-out><![CDATA[Test environment is: null
My name is: alex garkusha
Browser is: chrome
]]></system-out>
  <system-err><![CDATA[]]></system-err>
</testsuite>
