<?xml version="1.0" encoding="UTF-8"?>
<testsuite name="tests.PropertyTests" tests="3" skipped="0" failures="0" errors="0" timestamp="2026-04-12T09:08:11.711Z" hostname="DESKTOP-A8CGM4F" time="1.048">
  <properties/>
  <testcase name="propertyTest()" classname="tests.PropertyTests" time="0.153"/>
  <testcase name="propertyTestName()" classname="tests.PropertyTests" time="0.005"/>
  <testcase name="propertyBrowserTest()" classname="tests.PropertyTests" time="0.01"/>
  <system-out><![CDATA[Test environment is: null
My name is: alex garkusha
Browser is: chrome
]]></system-out>
  <system-err><![CDATA[]]></system-err>
</testsuite>
