<?xml version="1.0" encoding="UTF-8"?>
<testsuite name="tests.PositiveTest" tests="1" skipped="0" failures="0" errors="0" timestamp="2026-04-09T09:00:55.842Z" hostname="DESKTOP-A8CGM4F" time="4.458">
  <properties/>
  <testcase name="Заполнение всех полей формы студента, и проверка на соответствие" classname="tests.PositiveTest" time="4.458"/>
  <system-out><![CDATA[]]></system-out>
  <system-err><![CDATA[[Test worker] INFO com.codeborne.selenide.WebDriverThreadLocalContainer - No webdriver is bound to current thread: 1 - let's create a new webdriver
апр. 09, 2026 12:00:51 PM org.openqa.selenium.devtools.CdpVersionFinder findNearestMatch
WARNING: Unable to find an exact match for CDP version 147, returning the closest version; found: 145; Please update to a Selenium version that supports CDP version 147
[Test worker] INFO com.codeborne.selenide.webdriver.WebDriverFactory - Selenide 7.15.0 / Selenium 4.41.0 / chrome 147.0.7727.55 windows
]]></system-err>
</testsuite>
