<?xml version="1.0" encoding="UTF-8"?>
<testsuite name="tests.PositivePageObjectTest" tests="1" skipped="0" failures="0" errors="0" timestamp="2026-04-10T18:52:49.254Z" hostname="DESKTOP-A8CGM4F" time="17.396">
  <properties/>
  <testcase name="Заполнение всех полей формы студента, и проверка на соответствие" classname="tests.PositivePageObjectTest" time="17.396"/>
  <system-out><![CDATA[]]></system-out>
  <system-err><![CDATA[[Test worker] INFO com.codeborne.selenide.impl.WebDriverThreadLocalContainer - No webdriver is bound to current thread: 1 - let's create a new webdriver
[Test worker] INFO com.codeborne.selenide.impl.FileHelper - Creating folder: D:\Kr.Tech\guru\guru.qa.HW-11_Jenkins_UI\build\downloads\1775847169282_3672_1
[Test worker] INFO com.codeborne.selenide.webdriver.SelenideNettyClientFactory - Changed readTimeout from PT3M to PT1M30S
[Test worker] INFO com.codeborne.selenide.webdriver.SelenideNettyClientFactory - Changed readTimeout from PT3M to PT1M30S
апр. 10, 2026 9:52:51 PM org.openqa.selenium.devtools.CdpVersionFinder findNearestMatch
WARNING: Unable to find CDP implementation matching 147
апр. 10, 2026 9:52:51 PM org.openqa.selenium.chromium.ChromiumDriver lambda$new$5
WARNING: Unable to find version of CDP to use for 147.0.7727.55. You may need to include a dependency on a specific version of the CDP using something similar to `org.seleniumhq.selenium:selenium-devtools-v86:4.13.0` where the version ("v86") matches the version of the chromium-based browser you're using and the version number of the artifact is the same as Selenium's.
[Test worker] INFO com.codeborne.selenide.webdriver.WebDriverFactory - BrowserName=chrome Version=147.0.7727.55 Platform=windows
[Test worker] INFO com.codeborne.selenide.webdriver.WebDriverFactory - Selenide v. 6.19.1
[Test worker] INFO com.codeborne.selenide.webdriver.WebDriverFactory - Selenium WebDriver v. 4.13.0 build revision: ba948ece5b*
[Test worker] INFO com.codeborne.selenide.drivercommands.CreateDriverCommand - Created webdriver in thread 1: ChromeDriver -> ChromeDriver: chrome on windows (a02454b68dab69c6a8ecdff34a397b6e)
[Test worker] INFO com.codeborne.selenide.drivercommands.DisposablesRegistry - Register WebDriverInstance[config=StaticConfig,webDriver=ChromeDriver: chrome on windows (a02454b68dab69c6a8ecdff34a397b6e),proxy=null,downloadsFolder=D:\Kr.Tech\guru\guru.qa.HW-11_Jenkins_UI\build\downloads\1775847169282_3672_1] in 1 [size=1]
[Test worker] ERROR io.qameta.allure.util.NamingUtils - Could not find parameter attachName
[Test worker] ERROR io.qameta.allure.util.NamingUtils - Could not find parameter attachName
[Test worker] INFO com.codeborne.selenide.impl.FileHelper - Deleted empty folder: D:\Kr.Tech\guru\guru.qa.HW-11_Jenkins_UI\build\downloads\1775847169282_3672_1
[Test worker] INFO com.codeborne.selenide.drivercommands.CloseDriverCommand - Close webdriver: 1 -> ChromeDriver: chrome on windows (a02454b68dab69c6a8ecdff34a397b6e)...
[Test worker] INFO com.codeborne.selenide.drivercommands.CloseDriverCommand - Closed webdriver 1 in 496 ms
[Test worker] INFO com.codeborne.selenide.drivercommands.DisposablesRegistry - Unregister WebDriverInstance[config=StaticConfig,webDriver=ChromeDriver: chrome on windows (null),proxy=null,downloadsFolder=D:\Kr.Tech\guru\guru.qa.HW-11_Jenkins_UI\build\downloads\1775847169282_3672_1] in 1 [size=0]
]]></system-err>
</testsuite>
