<?xml version="1.0" encoding="UTF-8"?>
<testsuite name="tests.StepsTest" tests="2" skipped="0" failures="0" errors="0" timestamp="2026-04-16T17:44:02.609Z" hostname="DESKTOP-A8CGM4F" time="16.473">
  <properties/>
  <testcase name="testAnnotatedStep()" classname="tests.StepsTest" time="8.067"/>
  <testcase name="Создание Issue для автоматизированного пользователя" classname="tests.StepsTest" time="8.385"/>
  <system-out><![CDATA[]]></system-out>
  <system-err><![CDATA[]]></system-err>
</testsuite>
