<?xml version="1.0" encoding="UTF-8"?>
<testsuite name="tests.SelenideTest" tests="1" skipped="0" failures="0" errors="0" timestamp="2026-04-16T17:43:31.001Z" hostname="DESKTOP-A8CGM4F" time="21.518">
  <properties/>
  <testcase name="Создание Issue для автоматизированного пользователя" classname="tests.SelenideTest" time="21.518"/>
  <system-out><![CDATA[]]></system-out>
  <system-err><![CDATA[[Test worker] INFO com.codeborne.selenide.impl.WebDriverThreadLocalContainer - No webdriver is bound to current thread: 1 - let's create a new webdriver
[Test worker] INFO com.codeborne.selenide.webdriver.WebDriverFactory - BrowserName=chrome Version=128.0.6613.137 Platform=linux
[Test worker] INFO com.codeborne.selenide.webdriver.WebDriverFactory - Selenide v. 6.19.1
[Test worker] INFO com.codeborne.selenide.webdriver.WebDriverFactory - Selenium WebDriver v. 4.13.0 build revision: ba948ece5b*
[Test worker] INFO com.codeborne.selenide.drivercommands.CreateDriverCommand - Created webdriver in thread 1: RemoteWebDriver -> RemoteWebDriver: chrome on linux (0dbfbbd390718dfd984f93e5a768e6d4)
[Test worker] INFO com.codeborne.selenide.drivercommands.DisposablesRegistry - Register WebDriverInstance[config=StaticConfig,webDriver=RemoteWebDriver: chrome on linux (0dbfbbd390718dfd984f93e5a768e6d4),proxy=null,downloadsFolder=null] in 1 [size=1]
]]></system-err>
</testsuite>
